{"contracts/Raffle.sol":{"l":{"57":3,"58":3,"59":3,"60":3,"61":3,"62":3,"63":3,"64":3,"65":3,"70":6,"71":1,"74":5,"75":1,"78":4,"79":4,"101":1,"102":1,"103":1,"104":1,"105":1,"111":1,"112":1,"113":0,"119":1,"120":1,"127":1,"134":0,"135":0,"136":0,"137":0,"138":0,"139":0,"140":0,"143":0,"146":0,"147":0,"149":0,"154":5,"158":1,"162":0,"166":1,"170":0,"174":0,"178":0,"182":0,"186":5},"path":"/home/osiris/Development/smart-contract-course/Smart Contract Lottery/contracts/Raffle.sol","s":{"1":6,"2":5,"3":4,"4":4,"5":1,"6":1,"7":1,"8":1,"9":1,"10":1,"11":1,"12":1,"13":0,"14":0,"15":0,"16":0,"17":0,"18":0,"19":5,"20":1,"21":0,"22":1,"23":0,"24":0,"25":0,"26":0,"27":5},"b":{"1":[1,5],"2":[1,4],"3":[0,1],"4":[0,0],"5":[0,0]},"f":{"1":3,"2":6,"3":1,"4":1,"5":0,"6":5,"7":1,"8":0,"9":1,"10":0,"11":0,"12":0,"13":0,"14":5},"fnMap":{"1":{"name":"constructor","line":56,"loc":{"start":{"line":49,"column":1},"end":{"line":66,"column":1}}},"2":{"name":"enterRaffle","line":69,"loc":{"start":{"line":69,"column":1},"end":{"line":80,"column":1}}},"3":{"name":"checkUpkeep","line":91,"loc":{"start":{"line":91,"column":1},"end":{"line":106,"column":1}}},"4":{"name":"performUpkeep","line":108,"loc":{"start":{"line":108,"column":1},"end":{"line":128,"column":1}}},"5":{"name":"fulfillRandomWords","line":130,"loc":{"start":{"line":130,"column":1},"end":{"line":150,"column":1}}},"6":{"name":"getEntranceFee","line":153,"loc":{"start":{"line":153,"column":1},"end":{"line":155,"column":1}}},"7":{"name":"getPlayer","line":157,"loc":{"start":{"line":157,"column":1},"end":{"line":159,"column":1}}},"8":{"name":"getRecentWinner","line":161,"loc":{"start":{"line":161,"column":1},"end":{"line":163,"column":1}}},"9":{"name":"getRaffleState","line":165,"loc":{"start":{"line":165,"column":1},"end":{"line":167,"column":1}}},"10":{"name":"getRandomWords","line":169,"loc":{"start":{"line":169,"column":1},"end":{"line":171,"column":1}}},"11":{"name":"getNumberOfPlayers","line":173,"loc":{"start":{"line":173,"column":1},"end":{"line":175,"column":1}}},"12":{"name":"getLatestTimeStamp","line":177,"loc":{"start":{"line":177,"column":1},"end":{"line":179,"column":1}}},"13":{"name":"getRequestConfirmations","line":181,"loc":{"start":{"line":181,"column":1},"end":{"line":183,"column":1}}},"14":{"name":"getInterval","line":185,"loc":{"start":{"line":185,"column":1},"end":{"line":187,"column":1}}}},"statementMap":{"1":{"start":{"line":70,"column":2},"end":{"line":70,"column":2156}},"2":{"start":{"line":74,"column":2},"end":{"line":74,"column":2237}},"3":{"start":{"line":78,"column":2},"end":{"line":78,"column":36}},"4":{"start":{"line":79,"column":2},"end":{"line":79,"column":30}},"5":{"start":{"line":101,"column":2},"end":{"line":101,"column":51}},"6":{"start":{"line":102,"column":2},"end":{"line":102,"column":70}},"7":{"start":{"line":103,"column":2},"end":{"line":103,"column":42}},"8":{"start":{"line":104,"column":2},"end":{"line":104,"column":45}},"9":{"start":{"line":111,"column":2},"end":{"line":111,"column":41}},"10":{"start":{"line":112,"column":2},"end":{"line":112,"column":3341}},"11":{"start":{"line":120,"column":2},"end":{"line":120,"column":3529}},"12":{"start":{"line":127,"column":2},"end":{"line":127,"column":39}},"13":{"start":{"line":134,"column":2},"end":{"line":134,"column":59}},"14":{"start":{"line":135,"column":2},"end":{"line":135,"column":57}},"15":{"start":{"line":140,"column":2},"end":{"line":140,"column":4114}},"16":{"start":{"line":143,"column":2},"end":{"line":143,"column":4206}},"17":{"start":{"line":146,"column":2},"end":{"line":146,"column":4293}},"18":{"start":{"line":149,"column":2},"end":{"line":149,"column":33}},"19":{"start":{"line":154,"column":2},"end":{"line":154,"column":22}},"20":{"start":{"line":158,"column":2},"end":{"line":158,"column":25}},"21":{"start":{"line":162,"column":2},"end":{"line":162,"column":23}},"22":{"start":{"line":166,"column":2},"end":{"line":166,"column":22}},"23":{"start":{"line":170,"column":2},"end":{"line":170,"column":18}},"24":{"start":{"line":174,"column":2},"end":{"line":174,"column":25}},"25":{"start":{"line":178,"column":2},"end":{"line":178,"column":24}},"26":{"start":{"line":182,"column":2},"end":{"line":182,"column":30}},"27":{"start":{"line":186,"column":2},"end":{"line":186,"column":19}}},"branchMap":{"1":{"line":70,"type":"if","locations":[{"start":{"line":70,"column":2},"end":{"line":70,"column":2}},{"start":{"line":70,"column":2},"end":{"line":70,"column":2}}]},"2":{"line":74,"type":"if","locations":[{"start":{"line":74,"column":2},"end":{"line":74,"column":2}},{"start":{"line":74,"column":2},"end":{"line":74,"column":2}}]},"3":{"line":112,"type":"if","locations":[{"start":{"line":112,"column":2},"end":{"line":112,"column":2}},{"start":{"line":112,"column":2},"end":{"line":112,"column":2}}]},"4":{"line":146,"type":"if","locations":[{"start":{"line":146,"column":2},"end":{"line":146,"column":2}},{"start":{"line":146,"column":2},"end":{"line":146,"column":2}}]},"5":{"line":146,"type":"cond-expr","locations":[{"start":{"line":146,"column":6},"end":{"line":146,"column":13}},{"start":{"line":146,"column":18},"end":{"line":146,"column":30}}]}}},"contracts/test/VRFCoordinatorV2Mock.sol":{"l":{},"path":"/home/osiris/Development/smart-contract-course/Smart Contract Lottery/contracts/test/VRFCoordinatorV2Mock.sol","s":{},"b":{},"f":{},"fnMap":{},"statementMap":{},"branchMap":{}}}