{"contracts/SimpleStorage.sol":{"l":{"17":1,"21":2,"25":0,"26":0},"path":"/home/osiris/Development/smart-contract-course/Hard Hat/Hard Hat Simple Storage/contracts/SimpleStorage.sol","s":{"1":2,"2":0},"b":{},"f":{"1":1,"2":2,"3":0},"fnMap":{"1":{"name":"store","line":16,"loc":{"start":{"line":16,"column":1},"end":{"line":18,"column":1}}},"2":{"name":"retrieve","line":20,"loc":{"start":{"line":20,"column":1},"end":{"line":22,"column":1}}},"3":{"name":"addPerson","line":24,"loc":{"start":{"line":24,"column":1},"end":{"line":27,"column":1}}}},"statementMap":{"1":{"start":{"line":21,"column":2},"end":{"line":21,"column":23}},"2":{"start":{"line":25,"column":2},"end":{"line":25,"column":44}}},"branchMap":{}}}