{"contracts/FundMe.sol":{"l":{"27":0,"28":0,"30":0,"34":3,"35":3,"39":0,"43":0,"50":2,"54":1,"55":1,"62":0,"67":0,"68":0,"71":0,"73":0,"76":0,"77":0,"86":1,"90":1},"path":"/home/osiris/Development/smart-contract-course/Hard Hat/Hard Hat Fund Me/contracts/FundMe.sol","s":{"1":0,"2":3,"3":3,"4":0,"5":2,"6":1,"7":1,"8":0,"9":0,"10":0,"11":0,"12":0,"13":0,"14":1,"15":1},"b":{"1":[0,0],"2":[1,1],"3":[0,0]},"f":{"1":0,"2":3,"3":0,"4":2,"5":0,"6":1,"7":1},"fnMap":{"1":{"name":"onlyOwner","line":26,"loc":{"start":{"line":26,"column":1},"end":{"line":31,"column":1}}},"2":{"name":"constructor","line":33,"loc":{"start":{"line":33,"column":1},"end":{"line":36,"column":1}}},"3":{"name":null,"line":42,"loc":{"start":{"line":42,"column":1},"end":{"line":44,"column":1}}},"4":{"name":"fund","line":49,"loc":{"start":{"line":49,"column":1},"end":{"line":56,"column":1}}},"5":{"name":"withdraw","line":61,"loc":{"start":{"line":61,"column":1},"end":{"line":79,"column":1}}},"6":{"name":"getAddressToAmountFunded","line":81,"loc":{"start":{"line":81,"column":1},"end":{"line":87,"column":1}}},"7":{"name":"getPriceFeed","line":89,"loc":{"start":{"line":89,"column":1},"end":{"line":91,"column":1}}}},"statementMap":{"1":{"start":{"line":27,"column":2},"end":{"line":27,"column":703}},"2":{"start":{"line":34,"column":2},"end":{"line":34,"column":21}},"3":{"start":{"line":35,"column":2},"end":{"line":35,"column":52}},"4":{"start":{"line":43,"column":2},"end":{"line":43,"column":7}},"5":{"start":{"line":50,"column":2},"end":{"line":50,"column":1080}},"6":{"start":{"line":54,"column":2},"end":{"line":54,"column":25}},"7":{"start":{"line":55,"column":2},"end":{"line":55,"column":47}},"8":{"start":{"line":62,"column":2},"end":{"line":62,"column":1405}},"9":{"start":{"line":67,"column":3},"end":{"line":67,"column":40}},"10":{"start":{"line":68,"column":3},"end":{"line":68,"column":35}},"11":{"start":{"line":71,"column":2},"end":{"line":71,"column":27}},"12":{"start":{"line":73,"column":2},"end":{"line":73,"column":1618}},"13":{"start":{"line":76,"column":2},"end":{"line":76,"column":1705}},"14":{"start":{"line":86,"column":2},"end":{"line":86,"column":46}},"15":{"start":{"line":90,"column":2},"end":{"line":90,"column":18}}},"branchMap":{"1":{"line":27,"type":"if","locations":[{"start":{"line":27,"column":2},"end":{"line":27,"column":2}},{"start":{"line":27,"column":2},"end":{"line":27,"column":2}}]},"2":{"line":50,"type":"if","locations":[{"start":{"line":50,"column":2},"end":{"line":50,"column":2}},{"start":{"line":50,"column":2},"end":{"line":50,"column":2}}]},"3":{"line":76,"type":"if","locations":[{"start":{"line":76,"column":2},"end":{"line":76,"column":2}},{"start":{"line":76,"column":2},"end":{"line":76,"column":2}}]}}},"contracts/PriceConverter.sol":{"l":{"12":2,"13":2,"20":2,"21":2,"22":2},"path":"/home/osiris/Development/smart-contract-course/Hard Hat/Hard Hat Fund Me/contracts/PriceConverter.sol","s":{"1":2,"2":2,"3":2,"4":2,"5":2},"b":{},"f":{"1":2,"2":2},"fnMap":{"1":{"name":"getPrice","line":7,"loc":{"start":{"line":7,"column":1},"end":{"line":14,"column":1}}},"2":{"name":"getConversionRate","line":16,"loc":{"start":{"line":16,"column":1},"end":{"line":23,"column":1}}}},"statementMap":{"1":{"start":{"line":12,"column":2},"end":{"line":12,"column":55}},"2":{"start":{"line":13,"column":2},"end":{"line":13,"column":31}},"3":{"start":{"line":20,"column":2},"end":{"line":20,"column":40}},"4":{"start":{"line":21,"column":2},"end":{"line":21,"column":56}},"5":{"start":{"line":22,"column":2},"end":{"line":22,"column":23}}},"branchMap":{}},"contracts/test/MockV3Aggregator.sol":{"l":{},"path":"/home/osiris/Development/smart-contract-course/Hard Hat/Hard Hat Fund Me/contracts/test/MockV3Aggregator.sol","s":{},"b":{},"f":{},"fnMap":{},"statementMap":{},"branchMap":{}}}